This file contains any messages produced by compilers while
running configure, to aid debugging if configure makes a mistake.

It was created by HMMER configure 3.1b1, which was
generated by GNU Autoconf 2.69.  Invocation command line was

  $ ./configure --prefix /nfs/public/rw/xfam/skylign/live/

## --------- ##
## Platform. ##
## --------- ##

hostname = noah-login-02.ebi.ac.uk
uname -m = x86_64
uname -r = 3.10.0-693.5.2.el7.x86_64
uname -s = Linux
uname -v = #1 SMP Fri Oct 13 10:46:25 EDT 2017

/usr/bin/uname -p = x86_64
/bin/uname -X     = unknown

/bin/arch              = x86_64
/usr/bin/arch -k       = unknown
/usr/convex/getsysinfo = unknown
/usr/bin/hostinfo      = unknown
/bin/machine           = unknown
/usr/bin/oslevel       = unknown
/bin/universe          = unknown

PATH: /nfs/public/rw/xfam/skylign/live/bin
PATH: /ebi/lsf/ebi/ppm/10.2/bin
PATH: /ebi/lsf/ebi/ppm/10.2/linux2.6-glibc2.3-x86_64/bin
PATH: /ebi/lsf/ebi/10.1/linux3.10-glibc2.17-x86_64/etc
PATH: /ebi/lsf/ebi/10.1/linux3.10-glibc2.17-x86_64/bin
PATH: /usr/lpp/mmfs/bin
PATH: /usr/bin
PATH: /bin
PATH: /usr/sbin
PATH: /sbin
PATH: /nfs/public/rw/xfam/python3/bin/
PATH: /usr/local/bin
PATH: /bin
PATH: /usr/bin
PATH: /net/isilonP/public/rw/homes/w3_xfm01/.nvm/versions/node/v10.0.0/bin


## ----------- ##
## Core tests. ##
## ----------- ##

configure:2286: Configuring HMMER for your system.
configure:2429: checking build system type
configure:2443: result: x86_64-unknown-linux-gnu
configure:2463: checking host system type
configure:2476: result: x86_64-unknown-linux-gnu
configure:2507: Full HMMER source distribution - using full configuration
configure:2699: checking for gcc
configure:2715: found /usr/bin/gcc
configure:2726: result: gcc
configure:2955: checking for C compiler version
configure:2964: gcc --version >&5
gcc (GCC) 4.8.5 20150623 (Red Hat 4.8.5-16)
Copyright (C) 2015 Free Software Foundation, Inc.
This is free software; see the source for copying conditions.  There is NO
warranty; not even for MERCHANTABILITY or FITNESS FOR A PARTICULAR PURPOSE.

configure:2975: $? = 0
configure:2964: gcc -v >&5
Using built-in specs.
COLLECT_GCC=gcc
COLLECT_LTO_WRAPPER=/usr/libexec/gcc/x86_64-redhat-linux/4.8.5/lto-wrapper
Target: x86_64-redhat-linux
Configured with: ../configure --prefix=/usr --mandir=/usr/share/man --infodir=/usr/share/info --with-bugurl=http://bugzilla.redhat.com/bugzilla --enable-bootstrap --enable-shared --enable-threads=posix --enable-checking=release --with-system-zlib --enable-__cxa_atexit --disable-libunwind-exceptions --enable-gnu-unique-object --enable-linker-build-id --with-linker-hash-style=gnu --enable-languages=c,c++,objc,obj-c++,java,fortran,ada,go,lto --enable-plugin --enable-initfini-array --disable-libgcj --with-isl=/builddir/build/BUILD/gcc-4.8.5-20150702/obj-x86_64-redhat-linux/isl-install --with-cloog=/builddir/build/BUILD/gcc-4.8.5-20150702/obj-x86_64-redhat-linux/cloog-install --enable-gnu-indirect-function --with-tune=generic --with-arch_32=x86-64 --build=x86_64-redhat-linux
Thread model: posix
gcc version 4.8.5 20150623 (Red Hat 4.8.5-16) (GCC) 
configure:2975: $? = 0
configure:2964: gcc -V >&5
gcc: error: unrecognized command line option '-V'
gcc: fatal error: no input files
compilation terminated.
configure:2975: $? = 4
configure:2964: gcc -qversion >&5
gcc: error: unrecognized command line option '-qversion'
gcc: fatal error: no input files
compilation terminated.
configure:2975: $? = 4
configure:2995: checking whether the C compiler works
configure:3017: gcc    conftest.c  >&5
configure:3021: $? = 0
configure:3069: result: yes
configure:3072: checking for C compiler default output file name
configure:3074: result: a.out
configure:3080: checking for suffix of executables
configure:3087: gcc -o conftest    conftest.c  >&5
configure:3091: $? = 0
configure:3113: result: 
configure:3135: checking whether we are cross compiling
configure:3143: gcc -o conftest    conftest.c  >&5
configure:3147: $? = 0
configure:3154: ./conftest
configure:3158: $? = 0
configure:3173: result: no
configure:3178: checking for suffix of object files
configure:3200: gcc -c   conftest.c >&5
configure:3204: $? = 0
configure:3225: result: o
configure:3229: checking whether we are using the GNU C compiler
configure:3248: gcc -c   conftest.c >&5
configure:3248: $? = 0
configure:3257: result: yes
configure:3266: checking whether gcc accepts -g
configure:3286: gcc -c -g  conftest.c >&5
configure:3286: $? = 0
configure:3327: result: yes
configure:3344: checking for gcc option to accept ISO C89
configure:3407: gcc  -c -g -O2  conftest.c >&5
configure:3407: $? = 0
configure:3420: result: none needed
configure:3442: checking for C compiler vendor
configure:3466: gcc -c -g -O2  conftest.c >&5
conftest.c: In function 'main':
conftest.c:26:7: error: 'thisisanerror' undeclared (first use in this function)
       thisisanerror;
       ^
conftest.c:26:7: note: each undeclared identifier is reported only once for each function it appears in
configure:3466: $? = 1
configure: failed program was:
| /* confdefs.h */
| #define PACKAGE_NAME "HMMER"
| #define PACKAGE_TARNAME "hmmer"
| #define PACKAGE_VERSION "3.1b1"
| #define PACKAGE_STRING "HMMER 3.1b1"
| #define PACKAGE_BUGREPORT "eddys@janelia.hhmi.org"
| #define PACKAGE_URL ""
| #define HMMER_DATE "February 2013"
| #define HMMER_COPYRIGHT "Copyright (C) 2011 Howard Hughes Medical Institute."
| #define HMMER_LICENSE "Freely distributed under the GNU General Public License (GPLv3)."
| #define HMMER_VERSION "3.1b1"
| #define HMMER_URL "http://hmmer.org/"
| #define EASEL_DATE "February 2013"
| #define EASEL_COPYRIGHT "Copyright (C) 2010 Howard Hughes Medical Institute."
| #define EASEL_LICENSE "Freely distributed under the Janelia Farm Software License."
| #define EASEL_VERSION "h3.1b1"
| #define eslLIBRARY 1
| #define eslDEBUGLEVEL 0
| /* end confdefs.h.  */
| 
| int
| main ()
| {
| 
| #if !(defined(__ICC) || defined(__ECC) || defined(__INTEL_COMPILER))
|       thisisanerror;
| #endif
| 
|   ;
|   return 0;
| }
configure:3466: gcc -c -g -O2  conftest.c >&5
conftest.c: In function 'main':
conftest.c:26:7: error: 'thisisanerror' undeclared (first use in this function)
       thisisanerror;
       ^
conftest.c:26:7: note: each undeclared identifier is reported only once for each function it appears in
configure:3466: $? = 1
configure: failed program was:
| /* confdefs.h */
| #define PACKAGE_NAME "HMMER"
| #define PACKAGE_TARNAME "hmmer"
| #define PACKAGE_VERSION "3.1b1"
| #define PACKAGE_STRING "HMMER 3.1b1"
| #define PACKAGE_BUGREPORT "eddys@janelia.hhmi.org"
| #define PACKAGE_URL ""
| #define HMMER_DATE "February 2013"
| #define HMMER_COPYRIGHT "Copyright (C) 2011 Howard Hughes Medical Institute."
| #define HMMER_LICENSE "Freely distributed under the GNU General Public License (GPLv3)."
| #define HMMER_VERSION "3.1b1"
| #define HMMER_URL "http://hmmer.org/"
| #define EASEL_DATE "February 2013"
| #define EASEL_COPYRIGHT "Copyright (C) 2010 Howard Hughes Medical Institute."
| #define EASEL_LICENSE "Freely distributed under the Janelia Farm Software License."
| #define EASEL_VERSION "h3.1b1"
| #define eslLIBRARY 1
| #define eslDEBUGLEVEL 0
| /* end confdefs.h.  */
| 
| int
| main ()
| {
| 
| #if !(defined(__xlc__) || defined(__xlC__) || defined(__IBMC__) || defined(__IBMCPP__))
|       thisisanerror;
| #endif
| 
|   ;
|   return 0;
| }
configure:3466: gcc -c -g -O2  conftest.c >&5
conftest.c: In function 'main':
conftest.c:26:7: error: 'thisisanerror' undeclared (first use in this function)
       thisisanerror;
       ^
conftest.c:26:7: note: each undeclared identifier is reported only once for each function it appears in
configure:3466: $? = 1
configure: failed program was:
| /* confdefs.h */
| #define PACKAGE_NAME "HMMER"
| #define PACKAGE_TARNAME "hmmer"
| #define PACKAGE_VERSION "3.1b1"
| #define PACKAGE_STRING "HMMER 3.1b1"
| #define PACKAGE_BUGREPORT "eddys@janelia.hhmi.org"
| #define PACKAGE_URL ""
| #define HMMER_DATE "February 2013"
| #define HMMER_COPYRIGHT "Copyright (C) 2011 Howard Hughes Medical Institute."
| #define HMMER_LICENSE "Freely distributed under the GNU General Public License (GPLv3)."
| #define HMMER_VERSION "3.1b1"
| #define HMMER_URL "http://hmmer.org/"
| #define EASEL_DATE "February 2013"
| #define EASEL_COPYRIGHT "Copyright (C) 2010 Howard Hughes Medical Institute."
| #define EASEL_LICENSE "Freely distributed under the Janelia Farm Software License."
| #define EASEL_VERSION "h3.1b1"
| #define eslLIBRARY 1
| #define eslDEBUGLEVEL 0
| /* end confdefs.h.  */
| 
| int
| main ()
| {
| 
| #if !(defined(__PATHCC__) || defined(__PATHSCALE__))
|       thisisanerror;
| #endif
| 
|   ;
|   return 0;
| }
configure:3466: gcc -c -g -O2  conftest.c >&5
configure:3466: $? = 0
configure:3473: result: gnu
configure:3682: checking for the pthreads library -lpthreads
configure:3715: gcc -o conftest -g -O2    conftest.c -lpthreads  >&5
/usr/bin/ld: cannot find -lpthreads
collect2: error: ld returned 1 exit status
configure:3715: $? = 1
configure: failed program was:
| /* confdefs.h */
| #define PACKAGE_NAME "HMMER"
| #define PACKAGE_TARNAME "hmmer"
| #define PACKAGE_VERSION "3.1b1"
| #define PACKAGE_STRING "HMMER 3.1b1"
| #define PACKAGE_BUGREPORT "eddys@janelia.hhmi.org"
| #define PACKAGE_URL ""
| #define HMMER_DATE "February 2013"
| #define HMMER_COPYRIGHT "Copyright (C) 2011 Howard Hughes Medical Institute."
| #define HMMER_LICENSE "Freely distributed under the GNU General Public License (GPLv3)."
| #define HMMER_VERSION "3.1b1"
| #define HMMER_URL "http://hmmer.org/"
| #define EASEL_DATE "February 2013"
| #define EASEL_COPYRIGHT "Copyright (C) 2010 Howard Hughes Medical Institute."
| #define EASEL_LICENSE "Freely distributed under the Janelia Farm Software License."
| #define EASEL_VERSION "h3.1b1"
| #define eslLIBRARY 1
| #define eslDEBUGLEVEL 0
| /* end confdefs.h.  */
| #include <pthread.h>
| int
| main ()
| {
| pthread_t th; pthread_join(th, 0);
|                      pthread_attr_init(0); pthread_cleanup_push(0, 0);
|                      pthread_create(0,0,0,0); pthread_cleanup_pop(0);
|   ;
|   return 0;
| }
configure:3724: result: no
configure:3627: checking whether pthreads work without any flags
configure:3715: gcc -o conftest -g -O2    conftest.c   >&5
/scratch/cc6xcV6K.o: In function `main':
/nfs/public/rw/xfam/skylign/hmmer/conftest.c:24: undefined reference to `pthread_join'
/nfs/public/rw/xfam/skylign/hmmer/conftest.c:25: undefined reference to `__pthread_register_cancel'
/nfs/public/rw/xfam/skylign/hmmer/conftest.c:26: undefined reference to `pthread_create'
/nfs/public/rw/xfam/skylign/hmmer/conftest.c:26: undefined reference to `__pthread_unregister_cancel'
collect2: error: ld returned 1 exit status
configure:3715: $? = 1
configure: failed program was:
| /* confdefs.h */
| #define PACKAGE_NAME "HMMER"
| #define PACKAGE_TARNAME "hmmer"
| #define PACKAGE_VERSION "3.1b1"
| #define PACKAGE_STRING "HMMER 3.1b1"
| #define PACKAGE_BUGREPORT "eddys@janelia.hhmi.org"
| #define PACKAGE_URL ""
| #define HMMER_DATE "February 2013"
| #define HMMER_COPYRIGHT "Copyright (C) 2011 Howard Hughes Medical Institute."
| #define HMMER_LICENSE "Freely distributed under the GNU General Public License (GPLv3)."
| #define HMMER_VERSION "3.1b1"
| #define HMMER_URL "http://hmmer.org/"
| #define EASEL_DATE "February 2013"
| #define EASEL_COPYRIGHT "Copyright (C) 2010 Howard Hughes Medical Institute."
| #define EASEL_LICENSE "Freely distributed under the Janelia Farm Software License."
| #define EASEL_VERSION "h3.1b1"
| #define eslLIBRARY 1
| #define eslDEBUGLEVEL 0
| /* end confdefs.h.  */
| #include <pthread.h>
| int
| main ()
| {
| pthread_t th; pthread_join(th, 0);
|                      pthread_attr_init(0); pthread_cleanup_push(0, 0);
|                      pthread_create(0,0,0,0); pthread_cleanup_pop(0);
|   ;
|   return 0;
| }
configure:3724: result: no
configure:3632: checking whether pthreads work with -Kthread
configure:3715: gcc -o conftest -g -O2 -Kthread   conftest.c   >&5
gcc: error: unrecognized command line option '-Kthread'
configure:3715: $? = 1
configure: failed program was:
| /* confdefs.h */
| #define PACKAGE_NAME "HMMER"
| #define PACKAGE_TARNAME "hmmer"
| #define PACKAGE_VERSION "3.1b1"
| #define PACKAGE_STRING "HMMER 3.1b1"
| #define PACKAGE_BUGREPORT "eddys@janelia.hhmi.org"
| #define PACKAGE_URL ""
| #define HMMER_DATE "February 2013"
| #define HMMER_COPYRIGHT "Copyright (C) 2011 Howard Hughes Medical Institute."
| #define HMMER_LICENSE "Freely distributed under the GNU General Public License (GPLv3)."
| #define HMMER_VERSION "3.1b1"
| #define HMMER_URL "http://hmmer.org/"
| #define EASEL_DATE "February 2013"
| #define EASEL_COPYRIGHT "Copyright (C) 2010 Howard Hughes Medical Institute."
| #define EASEL_LICENSE "Freely distributed under the Janelia Farm Software License."
| #define EASEL_VERSION "h3.1b1"
| #define eslLIBRARY 1
| #define eslDEBUGLEVEL 0
| /* end confdefs.h.  */
| #include <pthread.h>
| int
| main ()
| {
| pthread_t th; pthread_join(th, 0);
|                      pthread_attr_init(0); pthread_cleanup_push(0, 0);
|                      pthread_create(0,0,0,0); pthread_cleanup_pop(0);
|   ;
|   return 0;
| }
configure:3724: result: no
configure:3632: checking whether pthreads work with -kthread
configure:3715: gcc -o conftest -g -O2 -kthread   conftest.c   >&5
gcc: error: unrecognized command line option '-kthread'
configure:3715: $? = 1
configure: failed program was:
| /* confdefs.h */
| #define PACKAGE_NAME "HMMER"
| #define PACKAGE_TARNAME "hmmer"
| #define PACKAGE_VERSION "3.1b1"
| #define PACKAGE_STRING "HMMER 3.1b1"
| #define PACKAGE_BUGREPORT "eddys@janelia.hhmi.org"
| #define PACKAGE_URL ""
| #define HMMER_DATE "February 2013"
| #define HMMER_COPYRIGHT "Copyright (C) 2011 Howard Hughes Medical Institute."
| #define HMMER_LICENSE "Freely distributed under the GNU General Public License (GPLv3)."
| #define HMMER_VERSION "3.1b1"
| #define HMMER_URL "http://hmmer.org/"
| #define EASEL_DATE "February 2013"
| #define EASEL_COPYRIGHT "Copyright (C) 2010 Howard Hughes Medical Institute."
| #define EASEL_LICENSE "Freely distributed under the Janelia Farm Software License."
| #define EASEL_VERSION "h3.1b1"
| #define eslLIBRARY 1
| #define eslDEBUGLEVEL 0
| /* end confdefs.h.  */
| #include <pthread.h>
| int
| main ()
| {
| pthread_t th; pthread_join(th, 0);
|                      pthread_attr_init(0); pthread_cleanup_push(0, 0);
|                      pthread_create(0,0,0,0); pthread_cleanup_pop(0);
|   ;
|   return 0;
| }
configure:3724: result: no
configure:3682: checking for the pthreads library -llthread
configure:3715: gcc -o conftest -g -O2    conftest.c -llthread  >&5
/usr/bin/ld: cannot find -llthread
collect2: error: ld returned 1 exit status
configure:3715: $? = 1
configure: failed program was:
| /* confdefs.h */
| #define PACKAGE_NAME "HMMER"
| #define PACKAGE_TARNAME "hmmer"
| #define PACKAGE_VERSION "3.1b1"
| #define PACKAGE_STRING "HMMER 3.1b1"
| #define PACKAGE_BUGREPORT "eddys@janelia.hhmi.org"
| #define PACKAGE_URL ""
| #define HMMER_DATE "February 2013"
| #define HMMER_COPYRIGHT "Copyright (C) 2011 Howard Hughes Medical Institute."
| #define HMMER_LICENSE "Freely distributed under the GNU General Public License (GPLv3)."
| #define HMMER_VERSION "3.1b1"
| #define HMMER_URL "http://hmmer.org/"
| #define EASEL_DATE "February 2013"
| #define EASEL_COPYRIGHT "Copyright (C) 2010 Howard Hughes Medical Institute."
| #define EASEL_LICENSE "Freely distributed under the Janelia Farm Software License."
| #define EASEL_VERSION "h3.1b1"
| #define eslLIBRARY 1
| #define eslDEBUGLEVEL 0
| /* end confdefs.h.  */
| #include <pthread.h>
| int
| main ()
| {
| pthread_t th; pthread_join(th, 0);
|                      pthread_attr_init(0); pthread_cleanup_push(0, 0);
|                      pthread_create(0,0,0,0); pthread_cleanup_pop(0);
|   ;
|   return 0;
| }
configure:3724: result: no
configure:3632: checking whether pthreads work with -pthread
configure:3715: gcc -o conftest -g -O2 -pthread   conftest.c   >&5
configure:3715: $? = 0
configure:3724: result: yes
configure:3744: checking for joinable pthread attribute
configure:3757: gcc -o conftest -g -O2 -pthread   conftest.c   >&5
configure:3757: $? = 0
configure:3789: result: PTHREAD_CREATE_JOINABLE
configure:3796: checking if more special flags are required for pthreads
configure:3806: result: no
configure:3818: checking for cc_r
configure:3846: result: gcc
configure:4012: checking for gcc
configure:4039: result: gcc
configure:4268: checking for C compiler version
configure:4277: gcc --version >&5
gcc (GCC) 4.8.5 20150623 (Red Hat 4.8.5-16)
Copyright (C) 2015 Free Software Foundation, Inc.
This is free software; see the source for copying conditions.  There is NO
warranty; not even for MERCHANTABILITY or FITNESS FOR A PARTICULAR PURPOSE.

configure:4288: $? = 0
configure:4277: gcc -v >&5
Using built-in specs.
COLLECT_GCC=gcc
COLLECT_LTO_WRAPPER=/usr/libexec/gcc/x86_64-redhat-linux/4.8.5/lto-wrapper
Target: x86_64-redhat-linux
Configured with: ../configure --prefix=/usr --mandir=/usr/share/man --infodir=/usr/share/info --with-bugurl=http://bugzilla.redhat.com/bugzilla --enable-bootstrap --enable-shared --enable-threads=posix --enable-checking=release --with-system-zlib --enable-__cxa_atexit --disable-libunwind-exceptions --enable-gnu-unique-object --enable-linker-build-id --with-linker-hash-style=gnu --enable-languages=c,c++,objc,obj-c++,java,fortran,ada,go,lto --enable-plugin --enable-initfini-array --disable-libgcj --with-isl=/builddir/build/BUILD/gcc-4.8.5-20150702/obj-x86_64-redhat-linux/isl-install --with-cloog=/builddir/build/BUILD/gcc-4.8.5-20150702/obj-x86_64-redhat-linux/cloog-install --enable-gnu-indirect-function --with-tune=generic --with-arch_32=x86-64 --build=x86_64-redhat-linux
Thread model: posix
gcc version 4.8.5 20150623 (Red Hat 4.8.5-16) (GCC) 
configure:4288: $? = 0
configure:4277: gcc -V >&5
gcc: error: unrecognized command line option '-V'
gcc: fatal error: no input files
compilation terminated.
configure:4288: $? = 4
configure:4277: gcc -qversion >&5
gcc: error: unrecognized command line option '-qversion'
gcc: fatal error: no input files
compilation terminated.
configure:4288: $? = 4
configure:4292: checking whether we are using the GNU C compiler
configure:4320: result: yes
configure:4329: checking whether gcc accepts -g
configure:4390: result: yes
configure:4407: checking for gcc option to accept ISO C89
configure:4483: result: none needed
configure:4517: checking for a BSD-compatible install
configure:4585: result: /usr/bin/install -c
configure:4794: checking how to run the C preprocessor
configure:4825: gcc -E  conftest.c
configure:4825: $? = 0
configure:4839: gcc -E  conftest.c
conftest.c:22:28: fatal error: ac_nonexistent.h: No such file or directory
 #include <ac_nonexistent.h>
                            ^
compilation terminated.
configure:4839: $? = 1
configure: failed program was:
| /* confdefs.h */
| #define PACKAGE_NAME "HMMER"
| #define PACKAGE_TARNAME "hmmer"
| #define PACKAGE_VERSION "3.1b1"
| #define PACKAGE_STRING "HMMER 3.1b1"
| #define PACKAGE_BUGREPORT "eddys@janelia.hhmi.org"
| #define PACKAGE_URL ""
| #define HMMER_DATE "February 2013"
| #define HMMER_COPYRIGHT "Copyright (C) 2011 Howard Hughes Medical Institute."
| #define HMMER_LICENSE "Freely distributed under the GNU General Public License (GPLv3)."
| #define HMMER_VERSION "3.1b1"
| #define HMMER_URL "http://hmmer.org/"
| #define EASEL_DATE "February 2013"
| #define EASEL_COPYRIGHT "Copyright (C) 2010 Howard Hughes Medical Institute."
| #define EASEL_LICENSE "Freely distributed under the Janelia Farm Software License."
| #define EASEL_VERSION "h3.1b1"
| #define eslLIBRARY 1
| #define eslDEBUGLEVEL 0
| #define HMMER_THREADS 1
| #define HAVE_PTHREAD 1
| /* end confdefs.h.  */
| #include <ac_nonexistent.h>
configure:4864: result: gcc -E
configure:4884: gcc -E  conftest.c
configure:4884: $? = 0
configure:4898: gcc -E  conftest.c
conftest.c:22:28: fatal error: ac_nonexistent.h: No such file or directory
 #include <ac_nonexistent.h>
                            ^
compilation terminated.
configure:4898: $? = 1
configure: failed program was:
| /* confdefs.h */
| #define PACKAGE_NAME "HMMER"
| #define PACKAGE_TARNAME "hmmer"
| #define PACKAGE_VERSION "3.1b1"
| #define PACKAGE_STRING "HMMER 3.1b1"
| #define PACKAGE_BUGREPORT "eddys@janelia.hhmi.org"
| #define PACKAGE_URL ""
| #define HMMER_DATE "February 2013"
| #define HMMER_COPYRIGHT "Copyright (C) 2011 Howard Hughes Medical Institute."
| #define HMMER_LICENSE "Freely distributed under the GNU General Public License (GPLv3)."
| #define HMMER_VERSION "3.1b1"
| #define HMMER_URL "http://hmmer.org/"
| #define EASEL_DATE "February 2013"
| #define EASEL_COPYRIGHT "Copyright (C) 2010 Howard Hughes Medical Institute."
| #define EASEL_LICENSE "Freely distributed under the Janelia Farm Software License."
| #define EASEL_VERSION "h3.1b1"
| #define eslLIBRARY 1
| #define eslDEBUGLEVEL 0
| #define HMMER_THREADS 1
| #define HAVE_PTHREAD 1
| /* end confdefs.h.  */
| #include <ac_nonexistent.h>
configure:4927: checking for C compiler vendor
configure:4958: result: gnu
configure:4967: checking for gcc option to accept ISO C99
configure:5116: gcc  -c -g -O2  conftest.c >&5
conftest.c:72:29: error: expected ';', ',' or ')' before 'text'
 test_restrict (ccp restrict text)
                             ^
conftest.c: In function 'main':
conftest.c:126:18: error: expected '=', ',', ';', 'asm' or '__attribute__' before 'newvar'
   char *restrict newvar = "Another string";
                  ^
conftest.c:126:18: error: 'newvar' undeclared (first use in this function)
conftest.c:126:18: note: each undeclared identifier is reported only once for each function it appears in
conftest.c:136:3: error: 'for' loop initial declarations are only allowed in C99 mode
   for (int i = 0; i < ia->datasize; ++i)
   ^
conftest.c:136:3: note: use option -std=c99 or -std=gnu99 to compile your code
configure:5116: $? = 1
configure: failed program was:
| /* confdefs.h */
| #define PACKAGE_NAME "HMMER"
| #define PACKAGE_TARNAME "hmmer"
| #define PACKAGE_VERSION "3.1b1"
| #define PACKAGE_STRING "HMMER 3.1b1"
| #define PACKAGE_BUGREPORT "eddys@janelia.hhmi.org"
| #define PACKAGE_URL ""
| #define HMMER_DATE "February 2013"
| #define HMMER_COPYRIGHT "Copyright (C) 2011 Howard Hughes Medical Institute."
| #define HMMER_LICENSE "Freely distributed under the GNU General Public License (GPLv3)."
| #define HMMER_VERSION "3.1b1"
| #define HMMER_URL "http://hmmer.org/"
| #define EASEL_DATE "February 2013"
| #define EASEL_COPYRIGHT "Copyright (C) 2010 Howard Hughes Medical Institute."
| #define EASEL_LICENSE "Freely distributed under the Janelia Farm Software License."
| #define EASEL_VERSION "h3.1b1"
| #define eslLIBRARY 1
| #define eslDEBUGLEVEL 0
| #define HMMER_THREADS 1
| #define HAVE_PTHREAD 1
| /* end confdefs.h.  */
| #include <stdarg.h>
| #include <stdbool.h>
| #include <stdlib.h>
| #include <wchar.h>
| #include <stdio.h>
| 
| // Check varargs macros.  These examples are taken from C99 6.10.3.5.
| #define debug(...) fprintf (stderr, __VA_ARGS__)
| #define showlist(...) puts (#__VA_ARGS__)
| #define report(test,...) ((test) ? puts (#test) : printf (__VA_ARGS__))
| static void
| test_varargs_macros (void)
| {
|   int x = 1234;
|   int y = 5678;
|   debug ("Flag");
|   debug ("X = %d\n", x);
|   showlist (The first, second, and third items.);
|   report (x>y, "x is %d but y is %d", x, y);
| }
| 
| // Check long long types.
| #define BIG64 18446744073709551615ull
| #define BIG32 4294967295ul
| #define BIG_OK (BIG64 / BIG32 == 4294967297ull && BIG64 % BIG32 == 0)
| #if !BIG_OK
|   your preprocessor is broken;
| #endif
| #if BIG_OK
| #else
|   your preprocessor is broken;
| #endif
| static long long int bignum = -9223372036854775807LL;
| static unsigned long long int ubignum = BIG64;
| 
| struct incomplete_array
| {
|   int datasize;
|   double data[];
| };
| 
| struct named_init {
|   int number;
|   const wchar_t *name;
|   double average;
| };
| 
| typedef const char *ccp;
| 
| static inline int
| test_restrict (ccp restrict text)
| {
|   // See if C++-style comments work.
|   // Iterate through items via the restricted pointer.
|   // Also check for declarations in for loops.
|   for (unsigned int i = 0; *(text+i) != '\0'; ++i)
|     continue;
|   return 0;
| }
| 
| // Check varargs and va_copy.
| static void
| test_varargs (const char *format, ...)
| {
|   va_list args;
|   va_start (args, format);
|   va_list args_copy;
|   va_copy (args_copy, args);
| 
|   const char *str;
|   int number;
|   float fnumber;
| 
|   while (*format)
|     {
|       switch (*format++)
| 	{
| 	case 's': // string
| 	  str = va_arg (args_copy, const char *);
| 	  break;
| 	case 'd': // int
| 	  number = va_arg (args_copy, int);
| 	  break;
| 	case 'f': // float
| 	  fnumber = va_arg (args_copy, double);
| 	  break;
| 	default:
| 	  break;
| 	}
|     }
|   va_end (args_copy);
|   va_end (args);
| }
| 
| int
| main ()
| {
| 
|   // Check bool.
|   _Bool success = false;
| 
|   // Check restrict.
|   if (test_restrict ("String literal") == 0)
|     success = true;
|   char *restrict newvar = "Another string";
| 
|   // Check varargs.
|   test_varargs ("s, d' f .", "string", 65, 34.234);
|   test_varargs_macros ();
| 
|   // Check flexible array members.
|   struct incomplete_array *ia =
|     malloc (sizeof (struct incomplete_array) + (sizeof (double) * 10));
|   ia->datasize = 10;
|   for (int i = 0; i < ia->datasize; ++i)
|     ia->data[i] = i * 1.234;
| 
|   // Check named initializers.
|   struct named_init ni = {
|     .number = 34,
|     .name = L"Test wide string",
|     .average = 543.34343,
|   };
| 
|   ni.number = 58;
| 
|   int dynamic_array[ni.number];
|   dynamic_array[ni.number - 1] = 543;
| 
|   // work around unused variable warnings
|   return (!success || bignum == 0LL || ubignum == 0uLL || newvar[0] == 'x'
| 	  || dynamic_array[ni.number - 1] != 543);
| 
|   ;
|   return 0;
| }
configure:5116: gcc -std=gnu99 -c -g -O2  conftest.c >&5
configure:5116: $? = 0
configure:5136: result: -std=gnu99
configure:5237: checking for gcc -std=gnu99 option to accept ISO Standard C
configure:5251: result: -std=gnu99
configure:5299: checking for ranlib
configure:5315: found /usr/bin/ranlib
configure:5326: result: ranlib
configure:5350: checking for ar
configure:5369: found /usr/bin/ar
configure:5382: result: /usr/bin/ar
configure:5391: checking whether you have a GNU make
configure:5402: result: yes, you do; and we assume you will use it!
configure:5687: checking whether C compiler accepts -fstrict-aliasing
configure:5706: gcc -std=gnu99 -c -fstrict-aliasing  conftest.c >&5
configure:5706: $? = 0
configure:5716: result: yes
configure:5741: checking for gcc architecture flag
configure:5743: result: 
configure:5765: checking for x86 cpuid 0 output
configure:5794: gcc -std=gnu99 -o conftest -O3 -fomit-frame-pointer -fstrict-aliasing   conftest.c  >&5
configure:5794: $? = 0
configure:5794: ./conftest
configure:5794: $? = 0
configure:5804: result: 14:756e6547:6c65746e:49656e69
configure:5820: checking for x86 cpuid 1 output
configure:5849: gcc -std=gnu99 -o conftest -O3 -fomit-frame-pointer -fstrict-aliasing   conftest.c  >&5
configure:5849: $? = 0
configure:5849: ./conftest
configure:5849: $? = 0
configure:5859: result: 406f1:3200800:7ffefbff:bfebfbff
configure:6073: checking whether C compiler accepts -march=pentiumpro
configure:6088: gcc -std=gnu99 -c -march=pentiumpro  conftest.c >&5
conftest.c:1:0: error: CPU you selected does not support x86-64 instruction set
 /* confdefs.h */
 ^
conftest.c:1:0: error: CPU you selected does not support x86-64 instruction set
configure:6088: $? = 1
configure: failed program was:
| /* confdefs.h */
| #define PACKAGE_NAME "HMMER"
| #define PACKAGE_TARNAME "hmmer"
| #define PACKAGE_VERSION "3.1b1"
| #define PACKAGE_STRING "HMMER 3.1b1"
| #define PACKAGE_BUGREPORT "eddys@janelia.hhmi.org"
| #define PACKAGE_URL ""
| #define HMMER_DATE "February 2013"
| #define HMMER_COPYRIGHT "Copyright (C) 2011 Howard Hughes Medical Institute."
| #define HMMER_LICENSE "Freely distributed under the GNU General Public License (GPLv3)."
| #define HMMER_VERSION "3.1b1"
| #define HMMER_URL "http://hmmer.org/"
| #define EASEL_DATE "February 2013"
| #define EASEL_COPYRIGHT "Copyright (C) 2010 Howard Hughes Medical Institute."
| #define EASEL_LICENSE "Freely distributed under the Janelia Farm Software License."
| #define EASEL_VERSION "h3.1b1"
| #define eslLIBRARY 1
| #define eslDEBUGLEVEL 0
| #define HMMER_THREADS 1
| #define HAVE_PTHREAD 1
| /* end confdefs.h.  */
| 
| int
| main ()
| {
| 
|   ;
|   return 0;
| }
configure:6096: result: no
configure:6073: checking whether C compiler accepts -mcpu=pentiumpro
configure:6088: gcc -std=gnu99 -c -mcpu=pentiumpro  conftest.c >&5
gcc: warning: '-mcpu=' is deprecated; use '-mtune=' or '-march=' instead
conftest.c:1:0: error: CPU you selected does not support x86-64 instruction set
 /* confdefs.h */
 ^
configure:6088: $? = 1
configure: failed program was:
| /* confdefs.h */
| #define PACKAGE_NAME "HMMER"
| #define PACKAGE_TARNAME "hmmer"
| #define PACKAGE_VERSION "3.1b1"
| #define PACKAGE_STRING "HMMER 3.1b1"
| #define PACKAGE_BUGREPORT "eddys@janelia.hhmi.org"
| #define PACKAGE_URL ""
| #define HMMER_DATE "February 2013"
| #define HMMER_COPYRIGHT "Copyright (C) 2011 Howard Hughes Medical Institute."
| #define HMMER_LICENSE "Freely distributed under the GNU General Public License (GPLv3)."
| #define HMMER_VERSION "3.1b1"
| #define HMMER_URL "http://hmmer.org/"
| #define EASEL_DATE "February 2013"
| #define EASEL_COPYRIGHT "Copyright (C) 2010 Howard Hughes Medical Institute."
| #define EASEL_LICENSE "Freely distributed under the Janelia Farm Software License."
| #define EASEL_VERSION "h3.1b1"
| #define eslLIBRARY 1
| #define eslDEBUGLEVEL 0
| #define HMMER_THREADS 1
| #define HAVE_PTHREAD 1
| /* end confdefs.h.  */
| 
| int
| main ()
| {
| 
|   ;
|   return 0;
| }
configure:6096: result: no
configure:6073: checking whether C compiler accepts -mpentiumpro
configure:6088: gcc -std=gnu99 -c -mpentiumpro  conftest.c >&5
gcc: error: unrecognized command line option '-mpentiumpro'
configure:6088: $? = 1
configure: failed program was:
| /* confdefs.h */
| #define PACKAGE_NAME "HMMER"
| #define PACKAGE_TARNAME "hmmer"
| #define PACKAGE_VERSION "3.1b1"
| #define PACKAGE_STRING "HMMER 3.1b1"
| #define PACKAGE_BUGREPORT "eddys@janelia.hhmi.org"
| #define PACKAGE_URL ""
| #define HMMER_DATE "February 2013"
| #define HMMER_COPYRIGHT "Copyright (C) 2011 Howard Hughes Medical Institute."
| #define HMMER_LICENSE "Freely distributed under the GNU General Public License (GPLv3)."
| #define HMMER_VERSION "3.1b1"
| #define HMMER_URL "http://hmmer.org/"
| #define EASEL_DATE "February 2013"
| #define EASEL_COPYRIGHT "Copyright (C) 2010 Howard Hughes Medical Institute."
| #define EASEL_LICENSE "Freely distributed under the Janelia Farm Software License."
| #define EASEL_VERSION "h3.1b1"
| #define eslLIBRARY 1
| #define eslDEBUGLEVEL 0
| #define HMMER_THREADS 1
| #define HAVE_PTHREAD 1
| /* end confdefs.h.  */
| 
| int
| main ()
| {
| 
|   ;
|   return 0;
| }
configure:6096: result: no
configure:6113: checking for gcc architecture flag
configure:6115: result: unknown
configure:6137: checking whether C compiler accepts -O3 -fomit-frame-pointer -fstrict-aliasing
configure:6152: gcc -std=gnu99 -c -O3 -fomit-frame-pointer -fstrict-aliasing  conftest.c >&5
configure:6152: $? = 0
configure:6160: result: yes
configure:6205: checking for gcc -std=gnu99 option to produce PIC
configure:6291: result: -fPIC
configure:6300: checking whether C compiler accepts -msse2
configure:6319: gcc -std=gnu99 -c -msse2  conftest.c >&5
configure:6319: $? = 0
configure:6329: result: yes
configure:6619: checking compiler support for sse2 cast functions
configure:6644: gcc -std=gnu99 -c -O3 -fomit-frame-pointer -fstrict-aliasing -msse2  conftest.c >&5
configure:6644: $? = 0
configure:6650: result: yes
configure:6662: checking whether SSE2 is supported
configure:6685: gcc -std=gnu99 -c -O3 -fomit-frame-pointer -fstrict-aliasing -msse2  conftest.c >&5
configure:6685: $? = 0
configure:6686: result: yes
configure:6751: checking whether _MM_SET_FLUSH_ZERO_MODE is supported
configure:6767: gcc -std=gnu99 -c -O3 -fomit-frame-pointer -fstrict-aliasing -msse2  conftest.c >&5
configure:6767: $? = 0
configure:6768: result: yes
configure:6783: Activating Intel/AMD SSE optimized DP implementation
configure:6820: checking compiler support --start-group
configure:6835: gcc -std=gnu99 -o conftest -O3 -fomit-frame-pointer -fstrict-aliasing  -Wl,--start-group -Wl,--end-group  conftest.c  >&5
configure:6835: $? = 0
configure:6836: result: yes
configure:6857: checking for gzip
configure:6875: found /usr/bin/gzip
configure:6888: result: /usr/bin/gzip
configure:6967: checking for grep that handles long lines and -e
configure:7025: result: /usr/bin/grep
configure:7030: checking for egrep
configure:7092: result: /usr/bin/grep -E
configure:7097: checking for ANSI C header files
configure:7117: gcc -std=gnu99 -c -O3 -fomit-frame-pointer -fstrict-aliasing  conftest.c >&5
configure:7117: $? = 0
configure:7190: gcc -std=gnu99 -o conftest -O3 -fomit-frame-pointer -fstrict-aliasing   conftest.c  >&5
configure:7190: $? = 0
configure:7190: ./conftest
configure:7190: $? = 0
configure:7201: result: yes
configure:7214: checking for sys/types.h
configure:7214: gcc -std=gnu99 -c -O3 -fomit-frame-pointer -fstrict-aliasing  conftest.c >&5
configure:7214: $? = 0
configure:7214: result: yes
configure:7214: checking for sys/stat.h
configure:7214: gcc -std=gnu99 -c -O3 -fomit-frame-pointer -fstrict-aliasing  conftest.c >&5
configure:7214: $? = 0
configure:7214: result: yes
configure:7214: checking for stdlib.h
configure:7214: gcc -std=gnu99 -c -O3 -fomit-frame-pointer -fstrict-aliasing  conftest.c >&5
configure:7214: $? = 0
configure:7214: result: yes
configure:7214: checking for string.h
configure:7214: gcc -std=gnu99 -c -O3 -fomit-frame-pointer -fstrict-aliasing  conftest.c >&5
configure:7214: $? = 0
configure:7214: result: yes
configure:7214: checking for memory.h
configure:7214: gcc -std=gnu99 -c -O3 -fomit-frame-pointer -fstrict-aliasing  conftest.c >&5
configure:7214: $? = 0
configure:7214: result: yes
configure:7214: checking for strings.h
configure:7214: gcc -std=gnu99 -c -O3 -fomit-frame-pointer -fstrict-aliasing  conftest.c >&5
configure:7214: $? = 0
configure:7214: result: yes
configure:7214: checking for inttypes.h
configure:7214: gcc -std=gnu99 -c -O3 -fomit-frame-pointer -fstrict-aliasing  conftest.c >&5
configure:7214: $? = 0
configure:7214: result: yes
configure:7214: checking for stdint.h
configure:7214: gcc -std=gnu99 -c -O3 -fomit-frame-pointer -fstrict-aliasing  conftest.c >&5
configure:7214: $? = 0
configure:7214: result: yes
configure:7214: checking for unistd.h
configure:7214: gcc -std=gnu99 -c -O3 -fomit-frame-pointer -fstrict-aliasing  conftest.c >&5
configure:7214: $? = 0
configure:7214: result: yes
configure:7229: checking for sys/types.h
configure:7229: result: yes
configure:7229: checking sys/sysctl.h usability
configure:7229: gcc -std=gnu99 -c -O3 -fomit-frame-pointer -fstrict-aliasing  conftest.c >&5
configure:7229: $? = 0
configure:7229: result: yes
configure:7229: checking sys/sysctl.h presence
configure:7229: gcc -E  conftest.c
configure:7229: $? = 0
configure:7229: result: yes
configure:7229: checking for sys/sysctl.h
configure:7229: result: yes
configure:7229: checking for unistd.h
configure:7229: result: yes
configure:7229: checking for stdint.h
configure:7229: result: yes
configure:7229: checking for inttypes.h
configure:7229: result: yes
configure:7229: checking endian.h usability
configure:7229: gcc -std=gnu99 -c -O3 -fomit-frame-pointer -fstrict-aliasing  conftest.c >&5
configure:7229: $? = 0
configure:7229: result: yes
configure:7229: checking endian.h presence
configure:7229: gcc -E  conftest.c
configure:7229: $? = 0
configure:7229: result: yes
configure:7229: checking for endian.h
configure:7229: result: yes
configure:7265: checking whether byte ordering is bigendian
configure:7280: gcc -std=gnu99 -c -O3 -fomit-frame-pointer -fstrict-aliasing  conftest.c >&5
conftest.c:44:9: error: unknown type name 'not'
         not a universal capable compiler
         ^
conftest.c:44:15: error: expected '=', ',', ';', 'asm' or '__attribute__' before 'universal'
         not a universal capable compiler
               ^
conftest.c:44:15: error: unknown type name 'universal'
configure:7280: $? = 1
configure: failed program was:
| /* confdefs.h */
| #define PACKAGE_NAME "HMMER"
| #define PACKAGE_TARNAME "hmmer"
| #define PACKAGE_VERSION "3.1b1"
| #define PACKAGE_STRING "HMMER 3.1b1"
| #define PACKAGE_BUGREPORT "eddys@janelia.hhmi.org"
| #define PACKAGE_URL ""
| #define HMMER_DATE "February 2013"
| #define HMMER_COPYRIGHT "Copyright (C) 2011 Howard Hughes Medical Institute."
| #define HMMER_LICENSE "Freely distributed under the GNU General Public License (GPLv3)."
| #define HMMER_VERSION "3.1b1"
| #define HMMER_URL "http://hmmer.org/"
| #define EASEL_DATE "February 2013"
| #define EASEL_COPYRIGHT "Copyright (C) 2010 Howard Hughes Medical Institute."
| #define EASEL_LICENSE "Freely distributed under the Janelia Farm Software License."
| #define EASEL_VERSION "h3.1b1"
| #define eslLIBRARY 1
| #define eslDEBUGLEVEL 0
| #define HMMER_THREADS 1
| #define HAVE_PTHREAD 1
| #define HAVE_SSE2_CAST 1
| #define HAVE_FLUSH_ZERO_MODE 1
| #define HAVE_SSE2 1
| #define p7_IMPL_SSE 1
| #define HAVE_GZIP 1
| #define STDC_HEADERS 1
| #define HAVE_SYS_TYPES_H 1
| #define HAVE_SYS_STAT_H 1
| #define HAVE_STDLIB_H 1
| #define HAVE_STRING_H 1
| #define HAVE_MEMORY_H 1
| #define HAVE_STRINGS_H 1
| #define HAVE_INTTYPES_H 1
| #define HAVE_STDINT_H 1
| #define HAVE_UNISTD_H 1
| #define HAVE_SYS_TYPES_H 1
| #define HAVE_SYS_SYSCTL_H 1
| #define HAVE_UNISTD_H 1
| #define HAVE_STDINT_H 1
| #define HAVE_INTTYPES_H 1
| #define HAVE_ENDIAN_H 1
| /* end confdefs.h.  */
| #ifndef __APPLE_CC__
| 	       not a universal capable compiler
| 	     #endif
| 	     typedef int dummy;
| 
configure:7325: gcc -std=gnu99 -c -O3 -fomit-frame-pointer -fstrict-aliasing  conftest.c >&5
configure:7325: $? = 0
configure:7343: gcc -std=gnu99 -c -O3 -fomit-frame-pointer -fstrict-aliasing  conftest.c >&5
conftest.c: In function 'main':
conftest.c:50:4: error: unknown type name 'not'
    not big endian
    ^
conftest.c:50:12: error: expected '=', ',', ';', 'asm' or '__attribute__' before 'endian'
    not big endian
            ^
configure:7343: $? = 1
configure: failed program was:
| /* confdefs.h */
| #define PACKAGE_NAME "HMMER"
| #define PACKAGE_TARNAME "hmmer"
| #define PACKAGE_VERSION "3.1b1"
| #define PACKAGE_STRING "HMMER 3.1b1"
| #define PACKAGE_BUGREPORT "eddys@janelia.hhmi.org"
| #define PACKAGE_URL ""
| #define HMMER_DATE "February 2013"
| #define HMMER_COPYRIGHT "Copyright (C) 2011 Howard Hughes Medical Institute."
| #define HMMER_LICENSE "Freely distributed under the GNU General Public License (GPLv3)."
| #define HMMER_VERSION "3.1b1"
| #define HMMER_URL "http://hmmer.org/"
| #define EASEL_DATE "February 2013"
| #define EASEL_COPYRIGHT "Copyright (C) 2010 Howard Hughes Medical Institute."
| #define EASEL_LICENSE "Freely distributed under the Janelia Farm Software License."
| #define EASEL_VERSION "h3.1b1"
| #define eslLIBRARY 1
| #define eslDEBUGLEVEL 0
| #define HMMER_THREADS 1
| #define HAVE_PTHREAD 1
| #define HAVE_SSE2_CAST 1
| #define HAVE_FLUSH_ZERO_MODE 1
| #define HAVE_SSE2 1
| #define p7_IMPL_SSE 1
| #define HAVE_GZIP 1
| #define STDC_HEADERS 1
| #define HAVE_SYS_TYPES_H 1
| #define HAVE_SYS_STAT_H 1
| #define HAVE_STDLIB_H 1
| #define HAVE_STRING_H 1
| #define HAVE_MEMORY_H 1
| #define HAVE_STRINGS_H 1
| #define HAVE_INTTYPES_H 1
| #define HAVE_STDINT_H 1
| #define HAVE_UNISTD_H 1
| #define HAVE_SYS_TYPES_H 1
| #define HAVE_SYS_SYSCTL_H 1
| #define HAVE_UNISTD_H 1
| #define HAVE_STDINT_H 1
| #define HAVE_INTTYPES_H 1
| #define HAVE_ENDIAN_H 1
| /* end confdefs.h.  */
| #include <sys/types.h>
| 		#include <sys/param.h>
| 
| int
| main ()
| {
| #if BYTE_ORDER != BIG_ENDIAN
| 		 not big endian
| 		#endif
| 
|   ;
|   return 0;
| }
configure:7471: result: no
configure:7489: checking for uint8_t
configure:7489: gcc -std=gnu99 -c -O3 -fomit-frame-pointer -fstrict-aliasing  conftest.c >&5
configure:7489: $? = 0
configure:7489: result: yes
configure:7503: checking for uint16_t
configure:7503: gcc -std=gnu99 -c -O3 -fomit-frame-pointer -fstrict-aliasing  conftest.c >&5
configure:7503: $? = 0
configure:7503: result: yes
configure:7515: checking for uint32_t
configure:7515: gcc -std=gnu99 -c -O3 -fomit-frame-pointer -fstrict-aliasing  conftest.c >&5
configure:7515: $? = 0
configure:7515: result: yes
configure:7529: checking for uint64_t
configure:7529: gcc -std=gnu99 -c -O3 -fomit-frame-pointer -fstrict-aliasing  conftest.c >&5
configure:7529: $? = 0
configure:7529: result: yes
configure:7543: checking for off_t
configure:7543: gcc -std=gnu99 -c -O3 -fomit-frame-pointer -fstrict-aliasing  conftest.c >&5
configure:7543: $? = 0
configure:7543: gcc -std=gnu99 -c -O3 -fomit-frame-pointer -fstrict-aliasing  conftest.c >&5
conftest.c: In function 'main':
conftest.c:79:20: error: expected expression before ')' token
 if (sizeof ((off_t)))
                    ^
configure:7543: $? = 1
configure: failed program was:
| /* confdefs.h */
| #define PACKAGE_NAME "HMMER"
| #define PACKAGE_TARNAME "hmmer"
| #define PACKAGE_VERSION "3.1b1"
| #define PACKAGE_STRING "HMMER 3.1b1"
| #define PACKAGE_BUGREPORT "eddys@janelia.hhmi.org"
| #define PACKAGE_URL ""
| #define HMMER_DATE "February 2013"
| #define HMMER_COPYRIGHT "Copyright (C) 2011 Howard Hughes Medical Institute."
| #define HMMER_LICENSE "Freely distributed under the GNU General Public License (GPLv3)."
| #define HMMER_VERSION "3.1b1"
| #define HMMER_URL "http://hmmer.org/"
| #define EASEL_DATE "February 2013"
| #define EASEL_COPYRIGHT "Copyright (C) 2010 Howard Hughes Medical Institute."
| #define EASEL_LICENSE "Freely distributed under the Janelia Farm Software License."
| #define EASEL_VERSION "h3.1b1"
| #define eslLIBRARY 1
| #define eslDEBUGLEVEL 0
| #define HMMER_THREADS 1
| #define HAVE_PTHREAD 1
| #define HAVE_SSE2_CAST 1
| #define HAVE_FLUSH_ZERO_MODE 1
| #define HAVE_SSE2 1
| #define p7_IMPL_SSE 1
| #define HAVE_GZIP 1
| #define STDC_HEADERS 1
| #define HAVE_SYS_TYPES_H 1
| #define HAVE_SYS_STAT_H 1
| #define HAVE_STDLIB_H 1
| #define HAVE_STRING_H 1
| #define HAVE_MEMORY_H 1
| #define HAVE_STRINGS_H 1
| #define HAVE_INTTYPES_H 1
| #define HAVE_STDINT_H 1
| #define HAVE_UNISTD_H 1
| #define HAVE_SYS_TYPES_H 1
| #define HAVE_SYS_SYSCTL_H 1
| #define HAVE_UNISTD_H 1
| #define HAVE_STDINT_H 1
| #define HAVE_INTTYPES_H 1
| #define HAVE_ENDIAN_H 1
| /* end confdefs.h.  */
| #include <stdio.h>
| #ifdef HAVE_SYS_TYPES_H
| # include <sys/types.h>
| #endif
| #ifdef HAVE_SYS_STAT_H
| # include <sys/stat.h>
| #endif
| #ifdef STDC_HEADERS
| # include <stdlib.h>
| # include <stddef.h>
| #else
| # ifdef HAVE_STDLIB_H
| #  include <stdlib.h>
| # endif
| #endif
| #ifdef HAVE_STRING_H
| # if !defined STDC_HEADERS && defined HAVE_MEMORY_H
| #  include <memory.h>
| # endif
| # include <string.h>
| #endif
| #ifdef HAVE_STRINGS_H
| # include <strings.h>
| #endif
| #ifdef HAVE_INTTYPES_H
| # include <inttypes.h>
| #endif
| #ifdef HAVE_STDINT_H
| # include <stdint.h>
| #endif
| #ifdef HAVE_UNISTD_H
| # include <unistd.h>
| #endif
| int
| main ()
| {
| if (sizeof ((off_t)))
| 	    return 0;
|   ;
|   return 0;
| }
configure:7543: result: yes
configure:7559: checking for mkstemp
configure:7559: gcc -std=gnu99 -o conftest -O3 -fomit-frame-pointer -fstrict-aliasing   conftest.c  >&5
configure:7559: $? = 0
configure:7559: result: yes
configure:7570: checking for popen
configure:7570: gcc -std=gnu99 -o conftest -O3 -fomit-frame-pointer -fstrict-aliasing   conftest.c  >&5
configure:7570: $? = 0
configure:7570: result: yes
configure:7581: checking for strcasecmp
configure:7581: gcc -std=gnu99 -o conftest -O3 -fomit-frame-pointer -fstrict-aliasing   conftest.c  >&5
conftest.c:68:6: warning: conflicting types for built-in function 'strcasecmp' [enabled by default]
 char strcasecmp ();
      ^
configure:7581: $? = 0
configure:7581: result: yes
configure:7592: checking for times
configure:7592: gcc -std=gnu99 -o conftest -O3 -fomit-frame-pointer -fstrict-aliasing   conftest.c  >&5
configure:7592: $? = 0
configure:7592: result: yes
configure:7603: checking for getpid
configure:7603: gcc -std=gnu99 -o conftest -O3 -fomit-frame-pointer -fstrict-aliasing   conftest.c  >&5
configure:7603: $? = 0
configure:7603: result: yes
configure:7614: checking for sysctl
configure:7614: gcc -std=gnu99 -o conftest -O3 -fomit-frame-pointer -fstrict-aliasing   conftest.c  >&5
configure:7614: $? = 0
configure:7614: result: yes
configure:7625: checking for sysconf
configure:7625: gcc -std=gnu99 -o conftest -O3 -fomit-frame-pointer -fstrict-aliasing   conftest.c  >&5
configure:7625: $? = 0
configure:7625: result: yes
configure:7636: checking for getcwd
configure:7636: gcc -std=gnu99 -o conftest -O3 -fomit-frame-pointer -fstrict-aliasing   conftest.c  >&5
configure:7636: $? = 0
configure:7636: result: yes
configure:7647: checking for stat
configure:7647: gcc -std=gnu99 -o conftest -O3 -fomit-frame-pointer -fstrict-aliasing   conftest.c  >&5
configure:7647: $? = 0
configure:7647: result: yes
configure:7658: checking for fstat
configure:7658: gcc -std=gnu99 -o conftest -O3 -fomit-frame-pointer -fstrict-aliasing   conftest.c  >&5
configure:7658: $? = 0
configure:7658: result: yes
configure:7670: checking for ntohs
configure:7670: gcc -std=gnu99 -o conftest -O3 -fomit-frame-pointer -fstrict-aliasing   conftest.c  >&5
configure:7670: $? = 0
configure:7670: result: yes
configure:7727: checking for ntohl
configure:7727: gcc -std=gnu99 -o conftest -O3 -fomit-frame-pointer -fstrict-aliasing   conftest.c  >&5
configure:7727: $? = 0
configure:7727: result: yes
configure:7784: checking for htons
configure:7784: gcc -std=gnu99 -o conftest -O3 -fomit-frame-pointer -fstrict-aliasing   conftest.c  >&5
configure:7784: $? = 0
configure:7784: result: yes
configure:7841: checking for htonl
configure:7841: gcc -std=gnu99 -o conftest -O3 -fomit-frame-pointer -fstrict-aliasing   conftest.c  >&5
configure:7841: $? = 0
configure:7841: result: yes
configure:7896: checking for _LARGEFILE_SOURCE value needed for large files
configure:7915: gcc -std=gnu99 -o conftest -O3 -fomit-frame-pointer -fstrict-aliasing   conftest.c  >&5
configure:7915: $? = 0
configure:7943: result: no
configure:7975: checking for special C compiler options needed for large files
configure:8020: result: no
configure:8026: checking for _FILE_OFFSET_BITS value needed for large files
configure:8051: gcc -std=gnu99 -c -O3 -fomit-frame-pointer -fstrict-aliasing  conftest.c >&5
configure:8051: $? = 0
configure:8083: result: no
configure:8341: creating ./config.status

## ---------------------- ##
## Running config.status. ##
## ---------------------- ##

This file was extended by HMMER config.status 3.1b1, which was
generated by GNU Autoconf 2.69.  Invocation command line was

  CONFIG_FILES    = 
  CONFIG_HEADERS  = 
  CONFIG_LINKS    = 
  CONFIG_COMMANDS = 
  $ ./config.status 

on noah-login-02.ebi.ac.uk

config.status:900: creating release-notes/LICENSE.sh
config.status:900: creating documentation/Makefile
config.status:900: creating documentation/man/Makefile
config.status:900: creating documentation/userguide/Makefile
config.status:900: creating src/Makefile
config.status:900: creating testsuite/Makefile
config.status:900: creating profmark/Makefile
config.status:900: creating src/impl_sse/Makefile
config.status:900: creating easel/miniapps/Makefile
config.status:900: creating easel/testsuite/Makefile
config.status:900: creating easel/documentation/Makefile
config.status:900: creating easel/Makefile
config.status:900: creating libdivsufsort/Makefile
config.status:900: creating Makefile
config.status:900: creating src/p7_config.h
config.status:1075: src/p7_config.h is unchanged
config.status:900: creating easel/esl_config.h
config.status:1075: easel/esl_config.h is unchanged
config.status:900: creating libdivsufsort/divsufsort.h
config.status:1075: libdivsufsort/divsufsort.h is unchanged
config.status:1101: linking src/impl_sse to src/impl

## ---------------- ##
## Cache variables. ##
## ---------------- ##

ac_cv_build=x86_64-unknown-linux-gnu
ac_cv_c_bigendian=no
ac_cv_c_compiler_gnu=yes
ac_cv_c_uint16_t=yes
ac_cv_c_uint32_t=yes
ac_cv_c_uint64_t=yes
ac_cv_c_uint8_t=yes
ac_cv_env_CC_set=
ac_cv_env_CC_value=
ac_cv_env_CFLAGS_set=
ac_cv_env_CFLAGS_value=
ac_cv_env_CPPFLAGS_set=
ac_cv_env_CPPFLAGS_value=
ac_cv_env_CPP_set=
ac_cv_env_CPP_value=
ac_cv_env_LDFLAGS_set=
ac_cv_env_LDFLAGS_value=
ac_cv_env_LIBS_set=
ac_cv_env_LIBS_value=
ac_cv_env_MPICC_set=
ac_cv_env_MPICC_value=
ac_cv_env_PIC_FLAGS_set=
ac_cv_env_PIC_FLAGS_value=
ac_cv_env_build_alias_set=
ac_cv_env_build_alias_value=
ac_cv_env_host_alias_set=
ac_cv_env_host_alias_value=
ac_cv_env_target_alias_set=
ac_cv_env_target_alias_value=
ac_cv_func_fstat=yes
ac_cv_func_getcwd=yes
ac_cv_func_getpid=yes
ac_cv_func_htonl=yes
ac_cv_func_htons=yes
ac_cv_func_mkstemp=yes
ac_cv_func_ntohl=yes
ac_cv_func_ntohs=yes
ac_cv_func_popen=yes
ac_cv_func_stat=yes
ac_cv_func_strcasecmp=yes
ac_cv_func_sysconf=yes
ac_cv_func_sysctl=yes
ac_cv_func_times=yes
ac_cv_header_endian_h=yes
ac_cv_header_inttypes_h=yes
ac_cv_header_memory_h=yes
ac_cv_header_stdc=yes
ac_cv_header_stdint_h=yes
ac_cv_header_stdlib_h=yes
ac_cv_header_string_h=yes
ac_cv_header_strings_h=yes
ac_cv_header_sys_stat_h=yes
ac_cv_header_sys_sysctl_h=yes
ac_cv_header_sys_types_h=yes
ac_cv_header_unistd_h=yes
ac_cv_host=x86_64-unknown-linux-gnu
ac_cv_objext=o
ac_cv_path_AR=/usr/bin/ar
ac_cv_path_EGREP='/usr/bin/grep -E'
ac_cv_path_GREP=/usr/bin/grep
ac_cv_path_HAVE_GZIP=/usr/bin/gzip
ac_cv_path_install='/usr/bin/install -c'
ac_cv_prog_CPP='gcc -E'
ac_cv_prog_PTHREAD_CC=gcc
ac_cv_prog_ac_ct_CC=gcc
ac_cv_prog_ac_ct_RANLIB=ranlib
ac_cv_prog_cc_c89=
ac_cv_prog_cc_c99=-std=gnu99
ac_cv_prog_cc_g=yes
ac_cv_prog_cc_stdc=-std=gnu99
ac_cv_sys_file_offset_bits=no
ac_cv_sys_largefile_CC=no
ac_cv_sys_largefile_source=no
ac_cv_type_off_t=yes
ax_cv_c_compiler_vendor=gnu
ax_cv_c_flags__O3__fomit_frame_pointer__fstrict_aliasing=yes
ax_cv_c_flags__fstrict_aliasing=yes
ax_cv_c_flags__march_pentiumpro=no
ax_cv_c_flags__mcpu_pentiumpro=no
ax_cv_c_flags__mpentiumpro=no
ax_cv_c_flags__msse2=yes
ax_cv_gcc_archflag=unknown
ax_cv_gcc_x86_cpuid_0=14:756e6547:6c65746e:49656e69
ax_cv_gcc_x86_cpuid_1=406f1:3200800:7ffefbff:bfebfbff

## ----------------- ##
## Output variables. ##
## ----------------- ##

AR='/usr/bin/ar'
CC='gcc -std=gnu99'
CFLAGS='-O3 -fomit-frame-pointer -fstrict-aliasing'
CPP='gcc -E'
CPPFLAGS=''
DEFS='-DHAVE_CONFIG_H'
EASEL_COPYRIGHT='Copyright (C) 2010 Howard Hughes Medical Institute.'
EASEL_DATE='February 2013'
EASEL_LICENSE='Freely distributed under the Janelia Farm Software License.'
EASEL_URL='http://bioeasel.org/'
EASEL_VERSION='h3.1b1'
ECHO_C=''
ECHO_N='-n'
ECHO_T=''
EGREP='/usr/bin/grep -E'
EXEC_DEPENDENCY='%: %.o'
EXEEXT=''
GREP='/usr/bin/grep'
GROUPHMMERLIBS='-Wl,--start-group -lhmmer -lhmmerimpl -Wl,--end-group'
HAVE_GZIP='/usr/bin/gzip'
HMMERIMPLLIB='impl_sse/libhmmerimpl.a'
HMMER_COPYRIGHT='Copyright (C) 2011 Howard Hughes Medical Institute.'
HMMER_DATE='February 2013'
HMMER_ESLDIR='easel'
HMMER_LICENSE='Freely distributed under the GNU General Public License (GPLv3).'
HMMER_SADIR='libdivsufsort'
HMMER_URL='http://hmmer.org/'
HMMER_VERSION='3.1b1'
IMPL_CHOICE='sse'
INSTALL_DATA='${INSTALL} -m 644'
INSTALL_PROGRAM='${INSTALL}'
INSTALL_SCRIPT='${INSTALL}'
LDFLAGS=''
LIBGSL=''
LIBOBJS=''
LIBS=''
LTLIBOBJS=''
MPICC=''
MPILIBS=''
MPI_BENCHMARKS=''
MPI_UTESTS=''
OBJEXT='o'
PACKAGE_BUGREPORT='eddys@janelia.hhmi.org'
PACKAGE_NAME='HMMER'
PACKAGE_STRING='HMMER 3.1b1'
PACKAGE_TARNAME='hmmer'
PACKAGE_URL=''
PACKAGE_VERSION='3.1b1'
PATH_SEPARATOR=':'
PIC_FLAGS='-fPIC'
PRTDIAG=''
PTHREAD_CC='gcc'
PTHREAD_CFLAGS='-pthread'
PTHREAD_LIBS=''
RANLIB='ranlib'
SHELL='/bin/sh'
SIMD_CFLAGS='-msse2'
ac_ct_CC='gcc'
acx_pthread_config=''
bindir='${exec_prefix}/bin'
build='x86_64-unknown-linux-gnu'
build_alias=''
build_cpu='x86_64'
build_os='linux-gnu'
build_vendor='unknown'
datadir='${datarootdir}'
datarootdir='${prefix}/share'
docdir='${datarootdir}/doc/${PACKAGE_TARNAME}'
dvidir='${docdir}'
exec_prefix='${prefix}'
host='x86_64-unknown-linux-gnu'
host_alias=''
host_cpu='x86_64'
host_os='linux-gnu'
host_vendor='unknown'
htmldir='${docdir}'
includedir='${prefix}/include'
infodir='${datarootdir}/info'
libdir='${exec_prefix}/lib'
libexecdir='${exec_prefix}/libexec'
localedir='${datarootdir}/locale'
localstatedir='${prefix}/var'
mandir='${datarootdir}/man'
oldincludedir='/usr/include'
pdfdir='${docdir}'
prefix='/nfs/public/rw/xfam/skylign/live'
program_transform_name='s,x,x,'
psdir='${docdir}'
sbindir='${exec_prefix}/sbin'
sharedstatedir='${prefix}/com'
sysconfdir='${prefix}/etc'
target_alias=''

## ----------- ##
## confdefs.h. ##
## ----------- ##

/* confdefs.h */
#define PACKAGE_NAME "HMMER"
#define PACKAGE_TARNAME "hmmer"
#define PACKAGE_VERSION "3.1b1"
#define PACKAGE_STRING "HMMER 3.1b1"
#define PACKAGE_BUGREPORT "eddys@janelia.hhmi.org"
#define PACKAGE_URL ""
#define HMMER_DATE "February 2013"
#define HMMER_COPYRIGHT "Copyright (C) 2011 Howard Hughes Medical Institute."
#define HMMER_LICENSE "Freely distributed under the GNU General Public License (GPLv3)."
#define HMMER_VERSION "3.1b1"
#define HMMER_URL "http://hmmer.org/"
#define EASEL_DATE "February 2013"
#define EASEL_COPYRIGHT "Copyright (C) 2010 Howard Hughes Medical Institute."
#define EASEL_LICENSE "Freely distributed under the Janelia Farm Software License."
#define EASEL_VERSION "h3.1b1"
#define eslLIBRARY 1
#define eslDEBUGLEVEL 0
#define HMMER_THREADS 1
#define HAVE_PTHREAD 1
#define HAVE_SSE2_CAST 1
#define HAVE_FLUSH_ZERO_MODE 1
#define HAVE_SSE2 1
#define p7_IMPL_SSE 1
#define HAVE_GZIP 1
#define STDC_HEADERS 1
#define HAVE_SYS_TYPES_H 1
#define HAVE_SYS_STAT_H 1
#define HAVE_STDLIB_H 1
#define HAVE_STRING_H 1
#define HAVE_MEMORY_H 1
#define HAVE_STRINGS_H 1
#define HAVE_INTTYPES_H 1
#define HAVE_STDINT_H 1
#define HAVE_UNISTD_H 1
#define HAVE_SYS_TYPES_H 1
#define HAVE_SYS_SYSCTL_H 1
#define HAVE_UNISTD_H 1
#define HAVE_STDINT_H 1
#define HAVE_INTTYPES_H 1
#define HAVE_ENDIAN_H 1
#define HAVE_MKSTEMP 1
#define HAVE_POPEN 1
#define HAVE_STRCASECMP 1
#define HAVE_TIMES 1
#define HAVE_GETPID 1
#define HAVE_SYSCTL 1
#define HAVE_SYSCONF 1
#define HAVE_GETCWD 1
#define HAVE_STAT 1
#define HAVE_FSTAT 1
#define HAVE_NTOHS 1
#define HAVE_NTOHL 1
#define HAVE_HTONS 1
#define HAVE_HTONL 1
#define HAVE_FSEEKO 1

configure: exit 0
